<?xml version="1.0" encoding="UTF-8"?>
<testsuite xmlns:xsi="http://www.w3.org/2001/XMLSchema-instance" xsi:noNamespaceSchemaLocation="https://maven.apache.org/surefire/maven-surefire-plugin/xsd/surefire-test-report-3.0.xsd" version="3.0" name="TestSuite" time="12.49" tests="1" errors="0" skipped="0" failures="1">
  <properties>
[...]
</properties>
  <testcase name="logintestcase_1001" classname="com.nopecommerce.scripts.LoginFeature" time="3.715">
    <failure message="expected [Login was unsuccessful. Please correct the errors and try again. &#10;No customer account found] but found [Login was unsuccessful. Please correct the errors and try again.&#10;No customer account found]" type="java.lang.AssertionError"><![CDATA[java.lang.AssertionError: 
expected [Login was unsuccessful. Please correct the errors and try again. 
No customer account found] but found [Login was unsuccessful. Please correct the errors and try again.
No customer account found]
	at com.nopecommerce.scripts.LoginFeature.logintestcase_1001(LoginFeature.java:30)
]]></failure>
    <system-out><![CDATA[18:04:47.034 INFO  - https://demo.nopcommerce.com/Launched
18:04:47.049 INFO  - ****************************************************************************************
18:04:47.049 INFO  - ****************************************************************************************
18:04:47.050 INFO  - $$$$$$$$$$$$$$$$$$$$$                 logintestcase_1001       $$$$$$$$$$$$$$$$$$$$$$$$$
18:04:47.050 INFO  - ****************************************************************************************
18:04:47.050 INFO  - ****************************************************************************************
18:04:49.032 INFO  - click on login link in Homepage
18:04:49.540 INFO  - Enter input to email field on login page
18:04:49.862 INFO  - Enter input to password field on login page
18:04:50.532 INFO  - Click on login button on login page
]]></system-out>
    <system-err><![CDATA[Nov 19, 2023 6:04:42 PM org.openqa.selenium.devtools.CdpVersionFinder findNearestMatch
WARNING: Unable to find an exact match for CDP version 119, returning the closest version; found: 118; Please update to a Selenium version that supports CDP version 119
]]></system-err>
  </testcase>
</testsuite>